\BOOKMARK [1][-]{section*.2}{\376\377\000P\000r\000i\000n\000c\000i\000p\000l\000e\000s\000\040\000F\000o\000r\000\040\000T\000a\000k\000i\000n\000g\000\040\000a\000\040\000D\000y\000n\000a\000m\000i\000c\000\040\000P\000e\000r\000s\000p\000e\000c\000t\000i\000v\000e}{}% 1
\BOOKMARK [1][-]{section*.3}{\376\377\000S\000t\000e\000p\000p\000i\000n\000g\000\040\000T\000o\000w\000a\000r\000d\000\040\000D\000y\000n\000a\000m\000i\000c\000s\000\040\040\023\000\040\000G\000r\000o\000w\000t\000h}{}% 2
\BOOKMARK [1][-]{section*.4}{\376\377\000S\000t\000e\000p\000p\000i\000n\000g\000\040\000T\000o\000w\000a\000r\000d\000\040\000D\000y\000n\000a\000m\000i\000c\000s\000\040\040\023\000\040\000R\000e\000l\000a\000t\000i\000o\000n\000s\000h\000i\000p\000s}{}% 3
\BOOKMARK [1][-]{section*.5}{\376\377\000O\000p\000e\000n\000i\000n\000g\000\040\000t\000h\000e\000\040\000D\000o\000o\000r\000\040\000t\000o\000\040\000D\000y\000n\000a\000m\000i\000c\000s}{}% 4
\BOOKMARK [1][-]{section*.6}{\376\377\000D\000y\000n\000a\000m\000i\000c\000s}{}% 5
\BOOKMARK [2][-]{section*.7}{\376\377\000C\000o\000n\000c\000e\000p\000t\000s\000\040\000a\000n\000d\000\040\000C\000o\000n\000v\000e\000n\000t\000i\000o\000n\000s}{section*.6}% 6
\BOOKMARK [3][-]{section*.8}{\376\377\000S\000t\000a\000t\000e\000s}{section*.7}% 7
\BOOKMARK [3][-]{section*.9}{\376\377\000M\000e\000m\000o\000r\000y\000\040\000a\000n\000d\000\040\000S\000e\000l\000f\000-\000s\000i\000m\000i\000l\000a\000r\000i\000t\000y}{section*.7}% 8
\BOOKMARK [3][-]{section*.10}{\376\377\000C\000o\000n\000s\000t\000r\000a\000i\000n\000t\000s}{section*.7}% 9
\BOOKMARK [3][-]{section*.11}{\376\377\000L\000a\000g\000s}{section*.7}% 10
\BOOKMARK [3][-]{section*.12}{\376\377\000R\000e\000c\000i\000p\000r\000o\000c\000a\000l\000\040\000I\000n\000f\000l\000u\000e\000n\000c\000e}{section*.7}% 11
\BOOKMARK [3][-]{section*.13}{\376\377\000T\000i\000m\000e\000s\000c\000a\000l\000e\000s}{section*.7}% 12
\BOOKMARK [3][-]{section*.14}{\376\377\000B\000o\000u\000n\000d\000a\000r\000y\000\040\000S\000p\000a\000c\000e}{section*.7}% 13
\BOOKMARK [3][-]{section*.15}{\376\377\000I\000n\000i\000t\000i\000a\000l\000\040\000C\000o\000n\000d\000i\000t\000i\000o\000n\000s}{section*.7}% 14
\BOOKMARK [3][-]{section*.16}{\376\377\000D\000e\000s\000c\000r\000i\000b\000i\000n\000g\000\040\000T\000r\000a\000j\000e\000c\000t\000o\000r\000i\000e\000s}{section*.7}% 15
\BOOKMARK [2][-]{section*.17}{\376\377\000M\000a\000t\000h\000e\000m\000a\000t\000i\000c\000s\000\040\000a\000n\000d\000\040\000S\000t\000a\000t\000i\000s\000t\000i\000c\000s}{section*.6}% 16
\BOOKMARK [3][-]{section*.18}{\376\377\000F\000u\000n\000d\000a\000m\000e\000n\000t\000a\000l\000\040\000B\000e\000h\000a\000v\000i\000o\000r\000s}{section*.17}% 17
\BOOKMARK [3][-]{section*.19}{\376\377\000E\000q\000u\000i\000l\000i\000b\000r\000i\000u\000m}{section*.17}% 18
\BOOKMARK [3][-]{section*.20}{\376\377\000S\000t\000o\000c\000h\000a\000s\000t\000i\000c\000s}{section*.17}% 19
\BOOKMARK [3][-]{section*.21}{\376\377\000W\000h\000i\000t\000e\000\040\000N\000o\000i\000s\000e\000\040\000a\000n\000d\000\040\000R\000a\000n\000d\000o\000m\000\040\000W\000a\000l\000k\000s}{section*.17}% 20
\BOOKMARK [3][-]{section*.22}{\376\377\000D\000y\000n\000a\000m\000i\000c\000\040\000S\000y\000s\000t\000e\000m\000s}{section*.17}% 21
\BOOKMARK [2][-]{section*.23}{\376\377\000D\000y\000n\000a\000m\000i\000c\000\040\000M\000o\000d\000e\000l\000i\000n\000g}{section*.6}% 22
\BOOKMARK [3][-]{section*.24}{\376\377\000S\000t\000a\000t\000i\000o\000n\000a\000r\000i\000t\000y}{section*.23}% 23
\BOOKMARK [3][-]{section*.25}{\376\377\000D\000y\000n\000a\000m\000i\000c\000\040\000P\000a\000n\000e\000l\000\040\000B\000i\000a\000s}{section*.23}% 24
\BOOKMARK [3][-]{section*.26}{\376\377\000E\000r\000g\000o\000d\000i\000c\000i\000t\000y}{section*.23}% 25
\BOOKMARK [1][-]{section*.27}{\376\377\000D\000i\000s\000c\000u\000s\000s\000i\000o\000n\000\040\000-\000\040\000A\000\040\000D\000y\000n\000a\000m\000i\000c\000\040\000P\000e\000r\000s\000p\000e\000c\000t\000i\000v\000e}{}% 26
\BOOKMARK [2][-]{section*.28}{\376\377\000W\000h\000a\000t\000\040\000D\000y\000n\000a\000m\000i\000c\000s\000\040\000I\000s\000\040\000N\000o\000t}{section*.27}% 27
\BOOKMARK [3][-]{section*.29}{\376\377\000T\000i\000m\000e\000\040\000a\000s\000\040\000a\000\040\000p\000r\000e\000d\000i\000c\000t\000o\000r\000\040\000i\000s\000\040\000n\000o\000t\000\040\000d\000y\000n\000a\000m\000i\000c\000s\000.}{section*.28}% 28
\BOOKMARK [3][-]{section*.30}{\376\377\000S\000t\000a\000t\000i\000c\000\040\000r\000e\000l\000a\000t\000i\000o\000n\000s\000h\000i\000p\000s\000\040\000a\000c\000r\000o\000s\000s\000\040\000t\000i\000m\000e\000\040\000a\000r\000e\000\040\000n\000o\000t\000\040\000d\000y\000n\000a\000m\000i\000c\000s\000.}{section*.28}% 29
\BOOKMARK [3][-]{section*.31}{\376\377\000D\000y\000n\000a\000m\000i\000c\000s\000\040\000i\000s\000\040\000n\000o\000t\000\040\000s\000y\000n\000o\000n\000y\000m\000o\000u\000s\000\040\000w\000i\000t\000h\000\040\000g\000r\000o\000w\000t\000h\000.}{section*.28}% 30
\BOOKMARK [2][-]{section*.32}{\376\377\000C\000o\000n\000c\000l\000u\000s\000i\000o\000n\000\040\000-\000\040\000T\000h\000e\000\040\000L\000i\000n\000e\000a\000r\000\040\000D\000y\000n\000a\000m\000i\000c\000\040\000S\000y\000s\000t\000e\000m\000s\000\040\000M\000o\000d\000e\000l}{section*.27}% 31
\BOOKMARK [1][-]{section*.33}{\376\377\000R\000e\000f\000e\000r\000e\000n\000c\000e\000s}{}% 32
